2025-07-09 19:52:37.870 [info] [main] Log level: Info
2025-07-09 19:52:37.870 [info] [main] Validating found git in: "git"
2025-07-09 19:52:37.870 [info] [main] Using git "2.50.1" from "git"
2025-07-09 19:52:37.870 [info] [Model][doInitialScan] Initial repository scan started
2025-07-09 19:52:37.870 [info] > git rev-parse --show-toplevel [1ms]
2025-07-09 19:52:37.870 [info] fatal: not a git repository (or any of the parent directories): .git
2025-07-09 19:52:37.870 [info] > git rev-parse --show-toplevel [1ms]
2025-07-09 19:52:37.870 [info] > git rev-parse --git-dir --git-common-dir [1ms]
2025-07-09 19:52:37.870 [info] [Model][openRepository] Opened repository (path): /home/levi/.config/nvim
2025-07-09 19:52:37.870 [info] [Model][openRepository] Opened repository (real path): /home/levi/.config/nvim
2025-07-09 19:52:37.870 [info] > git config --get commit.template [7ms]
2025-07-09 19:52:37.871 [info] > git for-each-ref --format=%(refname)%00%(upstream:short)%00%(objectname)%00%(upstream:track)%00%(upstream:remotename)%00%(upstream:remoteref) refs/heads/main refs/remotes/main [1ms]
2025-07-09 19:52:37.874 [warning] [Git][revParse] Unable to read file: ENOENT: no such file or directory, open '/home/levi/.config/nvim/.git/refs/remotes/origin/main'
2025-07-09 19:52:37.875 [info] > git rev-parse refs/remotes/origin/main [1ms]
2025-07-09 19:52:37.881 [info] > git status -z -uall [3ms]
2025-07-09 19:52:37.956 [info] > git for-each-ref --sort -committerdate --format %(refname)%00%(objectname)%00%(*objectname) [75ms]
2025-07-09 19:52:37.987 [info] > git for-each-ref --format=%(refname)%00%(upstream:short)%00%(objectname)%00%(upstream:track)%00%(upstream:remotename)%00%(upstream:remoteref) refs/heads/main refs/remotes/main [20ms]
2025-07-09 19:52:37.992 [info] > git config --get --local branch.main.vscode-merge-base [2ms]
2025-07-09 19:52:37.995 [info] > git rev-parse --show-toplevel [8ms]
2025-07-09 19:52:37.995 [info] fatal: not a git repository (or any of the parent directories): .git
2025-07-09 19:52:37.995 [info] > git config --get commit.template [11ms]
2025-07-09 19:52:37.998 [info] > git for-each-ref --format=%(refname)%00%(upstream:short)%00%(objectname)%00%(upstream:track)%00%(upstream:remotename)%00%(upstream:remoteref) refs/heads/origin/main refs/remotes/origin/main [3ms]
2025-07-09 19:52:38.015 [info] > git for-each-ref --format=%(refname)%00%(upstream:short)%00%(objectname)%00%(upstream:track)%00%(upstream:remotename)%00%(upstream:remoteref) refs/heads/main refs/remotes/main [11ms]
2025-07-09 19:52:38.015 [info] > git merge-base refs/heads/main refs/remotes/origin/main [14ms]
2025-07-09 19:52:38.021 [warning] [Git][revParse] Unable to read file: ENOENT: no such file or directory, open '/home/levi/.config/nvim/.git/refs/remotes/origin/main'
2025-07-09 19:52:38.022 [info] > git diff --name-status -z --diff-filter=ADMR 5c656910f058ecdc6753c6a4f39b64afce89a0e6...refs/remotes/origin/main [4ms]
2025-07-09 19:52:38.022 [info] > git rev-parse refs/remotes/origin/main [1ms]
2025-07-09 19:52:38.028 [info] > git status -z -uall [3ms]
2025-07-09 19:52:38.031 [info] > git for-each-ref --sort -committerdate --format %(refname)%00%(objectname)%00%(*objectname) [4ms]
2025-07-09 19:52:38.033 [info] > git rev-parse --show-toplevel [3ms]
2025-07-09 19:52:38.033 [info] fatal: not a git repository (or any of the parent directories): .git
2025-07-09 19:52:38.047 [info] > git rev-parse --show-toplevel [11ms]
2025-07-09 19:52:38.047 [info] fatal: not a git repository (or any of the parent directories): .git
2025-07-09 19:52:38.052 [info] > git rev-parse --show-toplevel [1ms]
2025-07-09 19:52:38.052 [info] fatal: not a git repository (or any of the parent directories): .git
2025-07-09 19:52:38.055 [info] > git rev-parse --show-toplevel [0ms]
2025-07-09 19:52:38.055 [info] fatal: not a git repository (or any of the parent directories): .git
2025-07-09 19:52:38.059 [info] > git rev-parse --show-toplevel [1ms]
2025-07-09 19:52:38.059 [info] fatal: not a git repository (or any of the parent directories): .git
2025-07-09 19:52:38.062 [info] > git rev-parse --show-toplevel [1ms]
2025-07-09 19:52:38.062 [info] fatal: not a git repository (or any of the parent directories): .git
2025-07-09 19:52:38.065 [info] > git rev-parse --show-toplevel [1ms]
2025-07-09 19:52:38.065 [info] fatal: not a git repository (or any of the parent directories): .git
2025-07-09 19:52:38.068 [info] > git rev-parse --show-toplevel [1ms]
2025-07-09 19:52:38.068 [info] fatal: not a git repository (or any of the parent directories): .git
2025-07-09 19:52:38.071 [info] > git rev-parse --show-toplevel [0ms]
2025-07-09 19:52:38.071 [info] fatal: not a git repository (or any of the parent directories): .git
2025-07-09 19:52:38.074 [info] > git rev-parse --show-toplevel [0ms]
2025-07-09 19:52:38.074 [info] fatal: not a git repository (or any of the parent directories): .git
2025-07-09 19:52:38.078 [info] > git rev-parse --show-toplevel [1ms]
2025-07-09 19:52:38.078 [info] fatal: not a git repository (or any of the parent directories): .git
2025-07-09 19:52:38.081 [info] > git rev-parse --show-toplevel [1ms]
2025-07-09 19:52:38.081 [info] fatal: not a git repository (or any of the parent directories): .git
2025-07-09 19:52:38.084 [info] > git rev-parse --show-toplevel [1ms]
2025-07-09 19:52:38.084 [info] fatal: not a git repository (or any of the parent directories): .git
2025-07-09 19:52:38.087 [info] > git rev-parse --show-toplevel [1ms]
2025-07-09 19:52:38.087 [info] fatal: not a git repository (or any of the parent directories): .git
2025-07-09 19:52:38.090 [info] > git rev-parse --show-toplevel [1ms]
2025-07-09 19:52:38.090 [info] fatal: not a git repository (or any of the parent directories): .git
2025-07-09 19:52:38.093 [info] > git rev-parse --show-toplevel [1ms]
2025-07-09 19:52:38.093 [info] fatal: not a git repository (or any of the parent directories): .git
2025-07-09 19:52:38.096 [info] > git rev-parse --show-toplevel [1ms]
2025-07-09 19:52:38.096 [info] fatal: not a git repository (or any of the parent directories): .git
2025-07-09 19:52:38.105 [info] > git rev-parse --show-toplevel [7ms]
2025-07-09 19:52:38.105 [info] fatal: not a git repository (or any of the parent directories): .git
2025-07-09 19:52:38.111 [info] > git rev-parse --show-toplevel [2ms]
2025-07-09 19:52:38.111 [info] fatal: not a git repository (or any of the parent directories): .git
2025-07-09 19:52:38.114 [info] > git rev-parse --show-toplevel [1ms]
2025-07-09 19:52:38.114 [info] fatal: not a git repository (or any of the parent directories): .git
2025-07-09 19:52:38.117 [info] > git rev-parse --show-toplevel [0ms]
2025-07-09 19:52:38.117 [info] fatal: not a git repository (or any of the parent directories): .git
2025-07-09 19:52:38.120 [info] > git rev-parse --show-toplevel [1ms]
2025-07-09 19:52:38.120 [info] fatal: not a git repository (or any of the parent directories): .git
2025-07-09 19:52:38.123 [info] > git rev-parse --show-toplevel [1ms]
2025-07-09 19:52:38.123 [info] fatal: not a git repository (or any of the parent directories): .git
2025-07-09 19:52:38.126 [info] > git rev-parse --show-toplevel [1ms]
2025-07-09 19:52:38.126 [info] fatal: not a git repository (or any of the parent directories): .git
2025-07-09 19:52:38.129 [info] > git rev-parse --show-toplevel [0ms]
2025-07-09 19:52:38.129 [info] fatal: not a git repository (or any of the parent directories): .git
2025-07-09 19:52:38.133 [info] > git rev-parse --show-toplevel [1ms]
2025-07-09 19:52:38.133 [info] fatal: not a git repository (or any of the parent directories): .git
2025-07-09 19:52:38.136 [info] > git rev-parse --show-toplevel [0ms]
2025-07-09 19:52:38.136 [info] fatal: not a git repository (or any of the parent directories): .git
2025-07-09 19:52:38.140 [info] > git rev-parse --show-toplevel [1ms]
2025-07-09 19:52:38.140 [info] fatal: not a git repository (or any of the parent directories): .git
2025-07-09 19:52:38.143 [info] > git rev-parse --show-toplevel [0ms]
2025-07-09 19:52:38.143 [info] fatal: not a git repository (or any of the parent directories): .git
2025-07-09 19:52:38.147 [info] > git rev-parse --show-toplevel [1ms]
2025-07-09 19:52:38.147 [info] fatal: not a git repository (or any of the parent directories): .git
2025-07-09 19:52:38.150 [info] > git rev-parse --show-toplevel [0ms]
2025-07-09 19:52:38.150 [info] fatal: not a git repository (or any of the parent directories): .git
2025-07-09 19:52:38.154 [info] > git rev-parse --show-toplevel [1ms]
2025-07-09 19:52:38.154 [info] fatal: not a git repository (or any of the parent directories): .git
2025-07-09 19:52:38.157 [info] > git rev-parse --show-toplevel [0ms]
2025-07-09 19:52:38.158 [info] fatal: not a git repository (or any of the parent directories): .git
2025-07-09 19:52:38.161 [info] > git rev-parse --show-toplevel [1ms]
2025-07-09 19:52:38.161 [info] fatal: not a git repository (or any of the parent directories): .git
2025-07-09 19:52:38.164 [info] > git rev-parse --show-toplevel [0ms]
2025-07-09 19:52:38.164 [info] fatal: not a git repository (or any of the parent directories): .git
2025-07-09 19:52:38.168 [info] > git rev-parse --show-toplevel [1ms]
2025-07-09 19:52:38.168 [info] fatal: not a git repository (or any of the parent directories): .git
2025-07-09 19:52:38.171 [info] > git rev-parse --show-toplevel [0ms]
2025-07-09 19:52:38.172 [info] fatal: not a git repository (or any of the parent directories): .git
2025-07-09 19:52:38.175 [info] > git rev-parse --show-toplevel [1ms]
2025-07-09 19:52:38.175 [info] fatal: not a git repository (or any of the parent directories): .git
2025-07-09 19:52:38.178 [info] > git rev-parse --show-toplevel [0ms]
2025-07-09 19:52:38.178 [info] fatal: not a git repository (or any of the parent directories): .git
2025-07-09 19:52:38.182 [info] > git rev-parse --show-toplevel [1ms]
2025-07-09 19:52:38.182 [info] fatal: not a git repository (or any of the parent directories): .git
2025-07-09 19:52:38.185 [info] > git rev-parse --show-toplevel [1ms]
2025-07-09 19:52:38.185 [info] fatal: not a git repository (or any of the parent directories): .git
2025-07-09 19:52:38.189 [info] > git rev-parse --show-toplevel [1ms]
2025-07-09 19:52:38.189 [info] fatal: not a git repository (or any of the parent directories): .git
2025-07-09 19:52:38.192 [info] > git rev-parse --show-toplevel [1ms]
2025-07-09 19:52:38.192 [info] fatal: not a git repository (or any of the parent directories): .git
2025-07-09 19:52:38.196 [info] > git rev-parse --show-toplevel [1ms]
2025-07-09 19:52:38.196 [info] fatal: not a git repository (or any of the parent directories): .git
2025-07-09 19:52:38.199 [info] > git rev-parse --show-toplevel [1ms]
2025-07-09 19:52:38.199 [info] fatal: not a git repository (or any of the parent directories): .git
2025-07-09 19:52:38.202 [info] > git rev-parse --show-toplevel [0ms]
2025-07-09 19:52:38.202 [info] fatal: not a git repository (or any of the parent directories): .git
2025-07-09 19:52:38.206 [info] > git rev-parse --show-toplevel [1ms]
2025-07-09 19:52:38.206 [info] fatal: not a git repository (or any of the parent directories): .git
2025-07-09 19:52:38.209 [info] > git rev-parse --show-toplevel [0ms]
2025-07-09 19:52:38.209 [info] fatal: not a git repository (or any of the parent directories): .git
2025-07-09 19:52:38.212 [info] > git rev-parse --show-toplevel [0ms]
2025-07-09 19:52:38.212 [info] fatal: not a git repository (or any of the parent directories): .git
2025-07-09 19:52:38.216 [info] > git rev-parse --show-toplevel [1ms]
2025-07-09 19:52:38.216 [info] fatal: not a git repository (or any of the parent directories): .git
2025-07-09 19:52:38.219 [info] > git rev-parse --show-toplevel [1ms]
2025-07-09 19:52:38.219 [info] fatal: not a git repository (or any of the parent directories): .git
2025-07-09 19:52:38.222 [info] > git rev-parse --show-toplevel [0ms]
2025-07-09 19:52:38.222 [info] fatal: not a git repository (or any of the parent directories): .git
2025-07-09 19:52:38.226 [info] > git rev-parse --show-toplevel [1ms]
2025-07-09 19:52:38.226 [info] fatal: not a git repository (or any of the parent directories): .git
2025-07-09 19:52:38.226 [info] [Model][doInitialScan] Initial repository scan completed - repositories (1), closed repositories (0), parent repositories (0), unsafe repositories (0)
2025-07-09 19:52:38.342 [info] > git show --textconv :lua/plugins/init.lua [3ms]
2025-07-09 19:52:38.343 [info] > git ls-files --stage -- lua/plugins/init.lua [1ms]
2025-07-09 19:52:38.346 [info] > git cat-file -s d0286556849a02e4ede373e57efbace94dcb4005 [1ms]
2025-07-09 19:52:38.357 [info] > git blame --root --incremental 5c656910f058ecdc6753c6a4f39b64afce89a0e6 -- lua/plugins/init.lua [2ms]
2025-07-09 19:52:38.444 [info] > git check-ignore -v -z --stdin [1ms]
2025-07-09 19:52:39.827 [info] > git rev-parse --show-toplevel [1ms]
2025-07-09 19:52:39.827 [info] fatal: not a git repository (or any of the parent directories): .git
2025-07-09 19:52:49.203 [info] > git show --textconv :init.lua [4ms]
2025-07-09 19:52:49.203 [info] > git ls-files --stage -- init.lua [1ms]
2025-07-09 19:52:49.207 [info] > git cat-file -s e861b68ca76d873db79f540d6025640363809591 [1ms]
2025-07-09 19:52:50.349 [info] > git blame --root --incremental 5c656910f058ecdc6753c6a4f39b64afce89a0e6 -- init.lua [1ms]
2025-07-09 19:53:27.407 [info] > git config --get commit.template [4ms]
2025-07-09 19:53:27.408 [info] > git for-each-ref --format=%(refname)%00%(upstream:short)%00%(objectname)%00%(upstream:track)%00%(upstream:remotename)%00%(upstream:remoteref) refs/heads/main refs/remotes/main [1ms]
2025-07-09 19:53:27.411 [warning] [Git][revParse] Unable to read file: ENOENT: no such file or directory, open '/home/levi/.config/nvim/.git/refs/remotes/origin/main'
2025-07-09 19:53:27.412 [info] > git rev-parse refs/remotes/origin/main [1ms]
2025-07-09 19:53:27.418 [info] > git status -z -uall [3ms]
2025-07-09 19:53:27.419 [info] > git for-each-ref --sort -committerdate --format %(refname)%00%(objectname)%00%(*objectname) [1ms]
2025-07-09 19:55:04.113 [info] > git config --get commit.template [4ms]
2025-07-09 19:55:04.113 [info] > git for-each-ref --format=%(refname)%00%(upstream:short)%00%(objectname)%00%(upstream:track)%00%(upstream:remotename)%00%(upstream:remoteref) refs/heads/main refs/remotes/main [1ms]
2025-07-09 19:55:04.116 [warning] [Git][revParse] Unable to read file: ENOENT: no such file or directory, open '/home/levi/.config/nvim/.git/refs/remotes/origin/main'
2025-07-09 19:55:04.117 [info] > git rev-parse refs/remotes/origin/main [1ms]
2025-07-09 19:55:04.124 [info] > git status -z -uall [4ms]
2025-07-09 19:55:04.125 [info] > git for-each-ref --sort -committerdate --format %(refname)%00%(objectname)%00%(*objectname) [1ms]
