2025-07-26 22:49:42.435 [info] [main] Log level: Info
2025-07-26 22:49:42.435 [info] [main] Validating found git in: "git"
2025-07-26 22:49:42.435 [info] [main] Using git "2.50.1" from "git"
2025-07-26 22:49:42.435 [info] [Model][doInitialScan] Initial repository scan started
2025-07-26 22:49:42.435 [info] > git rev-parse --show-toplevel [5ms]
2025-07-26 22:49:42.435 [info] fatal: not a git repository (or any of the parent directories): .git
2025-07-26 22:49:42.435 [info] > git rev-parse --show-toplevel [1ms]
2025-07-26 22:49:42.435 [info] fatal: not a git repository (or any of the parent directories): .git
2025-07-26 22:49:42.450 [info] > git rev-parse --show-toplevel [1ms]
2025-07-26 22:49:42.450 [info] fatal: not a git repository (or any of the parent directories): .git
2025-07-26 22:49:42.453 [info] > git rev-parse --show-toplevel [0ms]
2025-07-26 22:49:42.453 [info] fatal: not a git repository (or any of the parent directories): .git
2025-07-26 22:49:42.457 [info] > git rev-parse --show-toplevel [0ms]
2025-07-26 22:49:42.457 [info] fatal: not a git repository (or any of the parent directories): .git
2025-07-26 22:49:42.461 [info] > git rev-parse --show-toplevel [1ms]
2025-07-26 22:49:42.461 [info] fatal: not a git repository (or any of the parent directories): .git
2025-07-26 22:49:42.490 [info] > git rev-parse --show-toplevel [5ms]
2025-07-26 22:49:42.490 [info] fatal: not a git repository (or any of the parent directories): .git
2025-07-26 22:49:42.497 [info] > git rev-parse --show-toplevel [4ms]
2025-07-26 22:49:42.497 [info] fatal: not a git repository (or any of the parent directories): .git
2025-07-26 22:49:42.501 [info] > git rev-parse --show-toplevel [1ms]
2025-07-26 22:49:42.501 [info] fatal: not a git repository (or any of the parent directories): .git
2025-07-26 22:49:42.505 [info] > git rev-parse --show-toplevel [1ms]
2025-07-26 22:49:42.505 [info] fatal: not a git repository (or any of the parent directories): .git
2025-07-26 22:49:42.508 [info] > git rev-parse --show-toplevel [1ms]
2025-07-26 22:49:42.508 [info] fatal: not a git repository (or any of the parent directories): .git
2025-07-26 22:49:42.512 [info] > git rev-parse --show-toplevel [1ms]
2025-07-26 22:49:42.512 [info] fatal: not a git repository (or any of the parent directories): .git
2025-07-26 22:49:42.516 [info] > git rev-parse --show-toplevel [1ms]
2025-07-26 22:49:42.517 [info] fatal: not a git repository (or any of the parent directories): .git
2025-07-26 22:49:42.521 [info] > git rev-parse --show-toplevel [1ms]
2025-07-26 22:49:42.521 [info] fatal: not a git repository (or any of the parent directories): .git
2025-07-26 22:49:42.524 [info] > git rev-parse --show-toplevel [1ms]
2025-07-26 22:49:42.524 [info] fatal: not a git repository (or any of the parent directories): .git
2025-07-26 22:49:42.528 [info] > git rev-parse --show-toplevel [1ms]
2025-07-26 22:49:42.528 [info] fatal: not a git repository (or any of the parent directories): .git
2025-07-26 22:49:42.531 [info] > git rev-parse --show-toplevel [0ms]
2025-07-26 22:49:42.531 [info] fatal: not a git repository (or any of the parent directories): .git
2025-07-26 22:49:42.535 [info] > git rev-parse --show-toplevel [1ms]
2025-07-26 22:49:42.535 [info] fatal: not a git repository (or any of the parent directories): .git
2025-07-26 22:49:42.539 [info] > git rev-parse --show-toplevel [1ms]
2025-07-26 22:49:42.539 [info] fatal: not a git repository (or any of the parent directories): .git
2025-07-26 22:49:42.543 [info] > git rev-parse --show-toplevel [0ms]
2025-07-26 22:49:42.543 [info] fatal: not a git repository (or any of the parent directories): .git
2025-07-26 22:49:42.546 [info] > git rev-parse --show-toplevel [1ms]
2025-07-26 22:49:42.546 [info] fatal: not a git repository (or any of the parent directories): .git
2025-07-26 22:49:42.550 [info] > git rev-parse --show-toplevel [1ms]
2025-07-26 22:49:42.550 [info] fatal: not a git repository (or any of the parent directories): .git
2025-07-26 22:49:42.554 [info] > git rev-parse --show-toplevel [1ms]
2025-07-26 22:49:42.554 [info] fatal: not a git repository (or any of the parent directories): .git
2025-07-26 22:49:42.558 [info] > git rev-parse --show-toplevel [1ms]
2025-07-26 22:49:42.558 [info] fatal: not a git repository (or any of the parent directories): .git
2025-07-26 22:49:42.561 [info] > git rev-parse --show-toplevel [0ms]
2025-07-26 22:49:42.561 [info] fatal: not a git repository (or any of the parent directories): .git
2025-07-26 22:49:42.565 [info] > git rev-parse --show-toplevel [1ms]
2025-07-26 22:49:42.565 [info] fatal: not a git repository (or any of the parent directories): .git
2025-07-26 22:49:42.569 [info] > git rev-parse --show-toplevel [0ms]
2025-07-26 22:49:42.569 [info] fatal: not a git repository (or any of the parent directories): .git
2025-07-26 22:49:42.572 [info] > git rev-parse --show-toplevel [1ms]
2025-07-26 22:49:42.572 [info] fatal: not a git repository (or any of the parent directories): .git
2025-07-26 22:49:42.576 [info] > git rev-parse --show-toplevel [1ms]
2025-07-26 22:49:42.576 [info] fatal: not a git repository (or any of the parent directories): .git
2025-07-26 22:49:42.579 [info] > git rev-parse --show-toplevel [0ms]
2025-07-26 22:49:42.579 [info] fatal: not a git repository (or any of the parent directories): .git
2025-07-26 22:49:42.583 [info] > git rev-parse --show-toplevel [1ms]
2025-07-26 22:49:42.583 [info] fatal: not a git repository (or any of the parent directories): .git
2025-07-26 22:49:42.587 [info] > git rev-parse --show-toplevel [1ms]
2025-07-26 22:49:42.587 [info] fatal: not a git repository (or any of the parent directories): .git
2025-07-26 22:49:42.591 [info] > git rev-parse --show-toplevel [1ms]
2025-07-26 22:49:42.591 [info] fatal: not a git repository (or any of the parent directories): .git
2025-07-26 22:49:42.595 [info] > git rev-parse --show-toplevel [1ms]
2025-07-26 22:49:42.595 [info] fatal: not a git repository (or any of the parent directories): .git
2025-07-26 22:49:42.598 [info] > git rev-parse --show-toplevel [0ms]
2025-07-26 22:49:42.598 [info] fatal: not a git repository (or any of the parent directories): .git
2025-07-26 22:49:42.602 [info] > git rev-parse --show-toplevel [1ms]
2025-07-26 22:49:42.602 [info] fatal: not a git repository (or any of the parent directories): .git
2025-07-26 22:49:42.605 [info] > git rev-parse --show-toplevel [0ms]
2025-07-26 22:49:42.605 [info] fatal: not a git repository (or any of the parent directories): .git
2025-07-26 22:49:42.647 [info] > git rev-parse --show-toplevel [39ms]
2025-07-26 22:49:42.652 [info] > git rev-parse --git-dir --git-common-dir [0ms]
2025-07-26 22:49:42.658 [info] [Model][openRepository] Opened repository (path): /home/levi/.config/nvim
2025-07-26 22:49:42.658 [info] [Model][openRepository] Opened repository (real path): /home/levi/.config/nvim
2025-07-26 22:49:42.667 [info] > git rev-parse --show-toplevel [1ms]
2025-07-26 22:49:42.667 [info] fatal: not a git repository (or any of the parent directories): .git
2025-07-26 22:49:42.667 [info] > git config --get commit.template [5ms]
2025-07-26 22:49:42.678 [info] > git rev-parse --show-toplevel [7ms]
2025-07-26 22:49:42.678 [info] fatal: not a git repository (or any of the parent directories): .git
2025-07-26 22:49:42.682 [info] > git for-each-ref --format=%(refname)%00%(upstream:short)%00%(objectname)%00%(upstream:track)%00%(upstream:remotename)%00%(upstream:remoteref) refs/heads/main refs/remotes/main [7ms]
2025-07-26 22:49:42.686 [warning] [Git][revParse] Unable to read file: ENOENT: no such file or directory, open '/home/levi/.config/nvim/.git/refs/remotes/origin/main'
2025-07-26 22:49:42.686 [info] > git rev-parse --show-toplevel [4ms]
2025-07-26 22:49:42.686 [info] fatal: not a git repository (or any of the parent directories): .git
2025-07-26 22:49:42.690 [info] > git rev-parse refs/remotes/origin/main [4ms]
2025-07-26 22:49:42.698 [info] > git status -z -uall [4ms]
2025-07-26 22:49:42.698 [info] > git rev-parse --show-toplevel [9ms]
2025-07-26 22:49:42.698 [info] fatal: not a git repository (or any of the parent directories): .git
2025-07-26 22:49:42.702 [info] > git for-each-ref --sort -committerdate --format %(refname)%00%(objectname)%00%(*objectname) [5ms]
2025-07-26 22:49:42.720 [info] > git for-each-ref --format=%(refname)%00%(upstream:short)%00%(objectname)%00%(upstream:track)%00%(upstream:remotename)%00%(upstream:remoteref) refs/heads/main refs/remotes/main [6ms]
2025-07-26 22:49:42.724 [info] > git rev-parse --show-toplevel [23ms]
2025-07-26 22:49:42.724 [info] fatal: not a git repository (or any of the parent directories): .git
2025-07-26 22:49:42.729 [info] > git config --get --local branch.main.vscode-merge-base [5ms]
2025-07-26 22:49:42.733 [info] > git config --get commit.template [13ms]
2025-07-26 22:49:42.733 [info] > git rev-parse --show-toplevel [4ms]
2025-07-26 22:49:42.733 [info] fatal: not a git repository (or any of the parent directories): .git
2025-07-26 22:49:42.754 [info] > git for-each-ref --format=%(refname)%00%(upstream:short)%00%(objectname)%00%(upstream:track)%00%(upstream:remotename)%00%(upstream:remoteref) refs/heads/origin/main refs/remotes/origin/main [21ms]
2025-07-26 22:49:42.761 [info] > git merge-base refs/heads/main refs/remotes/origin/main [3ms]
2025-07-26 22:49:42.765 [info] > git rev-parse --show-toplevel [11ms]
2025-07-26 22:49:42.765 [info] fatal: not a git repository (or any of the parent directories): .git
2025-07-26 22:49:42.765 [info] > git for-each-ref --format=%(refname)%00%(upstream:short)%00%(objectname)%00%(upstream:track)%00%(upstream:remotename)%00%(upstream:remoteref) refs/heads/main refs/remotes/main [15ms]
2025-07-26 22:49:42.772 [warning] [Git][revParse] Unable to read file: ENOENT: no such file or directory, open '/home/levi/.config/nvim/.git/refs/remotes/origin/main'
2025-07-26 22:49:42.774 [info] > git rev-parse refs/remotes/origin/main [2ms]
2025-07-26 22:49:42.781 [info] > git rev-parse --show-toplevel [12ms]
2025-07-26 22:49:42.781 [info] fatal: not a git repository (or any of the parent directories): .git
2025-07-26 22:49:42.781 [info] > git diff --name-status -z --diff-filter=ADMR 5c656910f058ecdc6753c6a4f39b64afce89a0e6...refs/remotes/origin/main [16ms]
2025-07-26 22:49:42.785 [info] > git status -z -uall [8ms]
2025-07-26 22:49:42.785 [info] > git for-each-ref --sort -committerdate --format %(refname)%00%(objectname)%00%(*objectname) [4ms]
2025-07-26 22:49:42.788 [info] > git rev-parse --show-toplevel [3ms]
2025-07-26 22:49:42.788 [info] fatal: not a git repository (or any of the parent directories): .git
2025-07-26 22:49:42.792 [info] > git rev-parse --show-toplevel [1ms]
2025-07-26 22:49:42.792 [info] fatal: not a git repository (or any of the parent directories): .git
2025-07-26 22:49:42.796 [info] > git rev-parse --show-toplevel [0ms]
2025-07-26 22:49:42.796 [info] fatal: not a git repository (or any of the parent directories): .git
2025-07-26 22:49:42.800 [info] > git rev-parse --show-toplevel [1ms]
2025-07-26 22:49:42.800 [info] fatal: not a git repository (or any of the parent directories): .git
2025-07-26 22:49:42.804 [info] > git rev-parse --show-toplevel [1ms]
2025-07-26 22:49:42.804 [info] fatal: not a git repository (or any of the parent directories): .git
2025-07-26 22:49:42.808 [info] > git rev-parse --show-toplevel [1ms]
2025-07-26 22:49:42.808 [info] fatal: not a git repository (or any of the parent directories): .git
2025-07-26 22:49:42.812 [info] > git rev-parse --show-toplevel [0ms]
2025-07-26 22:49:42.812 [info] fatal: not a git repository (or any of the parent directories): .git
2025-07-26 22:49:42.817 [info] > git rev-parse --show-toplevel [1ms]
2025-07-26 22:49:42.817 [info] fatal: not a git repository (or any of the parent directories): .git
2025-07-26 22:49:42.820 [info] > git rev-parse --show-toplevel [0ms]
2025-07-26 22:49:42.820 [info] fatal: not a git repository (or any of the parent directories): .git
2025-07-26 22:49:42.824 [info] > git rev-parse --show-toplevel [0ms]
2025-07-26 22:49:42.824 [info] fatal: not a git repository (or any of the parent directories): .git
2025-07-26 22:49:42.828 [info] > git rev-parse --show-toplevel [1ms]
2025-07-26 22:49:42.828 [info] fatal: not a git repository (or any of the parent directories): .git
2025-07-26 22:49:42.832 [info] > git rev-parse --show-toplevel [1ms]
2025-07-26 22:49:42.832 [info] fatal: not a git repository (or any of the parent directories): .git
2025-07-26 22:49:42.836 [info] > git rev-parse --show-toplevel [1ms]
2025-07-26 22:49:42.836 [info] fatal: not a git repository (or any of the parent directories): .git
2025-07-26 22:49:42.840 [info] > git rev-parse --show-toplevel [1ms]
2025-07-26 22:49:42.840 [info] fatal: not a git repository (or any of the parent directories): .git
2025-07-26 22:49:42.844 [info] > git rev-parse --show-toplevel [1ms]
2025-07-26 22:49:42.844 [info] fatal: not a git repository (or any of the parent directories): .git
2025-07-26 22:49:42.848 [info] > git rev-parse --show-toplevel [1ms]
2025-07-26 22:49:42.848 [info] fatal: not a git repository (or any of the parent directories): .git
2025-07-26 22:49:42.848 [info] [Model][doInitialScan] Initial repository scan completed - repositories (1), closed repositories (0), parent repositories (0), unsafe repositories (0)
2025-07-26 22:49:43.176 [info] > git check-ignore -v -z --stdin [0ms]
2025-07-26 22:49:44.180 [info] > git rev-parse --show-toplevel [1ms]
2025-07-26 22:49:44.180 [info] fatal: not a git repository (or any of the parent directories): .git
2025-07-26 22:49:51.792 [info] > git rev-parse --show-toplevel [0ms]
2025-07-26 22:49:51.792 [info] fatal: not a git repository (or any of the parent directories): .git
2025-07-26 22:51:30.193 [info] > git rev-parse --show-toplevel [1ms]
2025-07-26 22:51:30.193 [info] fatal: not a git repository (or any of the parent directories): .git
2025-07-26 22:51:33.507 [info] > git rev-parse --show-toplevel [1ms]
2025-07-26 22:51:33.507 [info] fatal: not a git repository (or any of the parent directories): .git
2025-07-26 22:51:37.728 [info] > git rev-parse --show-toplevel [1ms]
2025-07-26 22:51:37.728 [info] fatal: not a git repository (or any of the parent directories): .git
2025-07-26 22:51:39.100 [info] > git rev-parse --show-toplevel [1ms]
2025-07-26 22:51:39.100 [info] fatal: not a git repository (or any of the parent directories): .git
2025-07-26 22:51:39.893 [info] > git rev-parse --show-toplevel [1ms]
2025-07-26 22:51:39.893 [info] fatal: not a git repository (or any of the parent directories): .git
2025-07-26 22:51:40.501 [info] > git rev-parse --show-toplevel [1ms]
2025-07-26 22:51:40.501 [info] fatal: not a git repository (or any of the parent directories): .git
2025-07-26 22:51:41.025 [info] > git rev-parse --show-toplevel [1ms]
2025-07-26 22:51:41.025 [info] fatal: not a git repository (or any of the parent directories): .git
2025-07-26 22:51:42.393 [info] > git rev-parse --show-toplevel [1ms]
2025-07-26 22:51:42.393 [info] fatal: not a git repository (or any of the parent directories): .git
2025-07-26 22:51:43.937 [info] > git rev-parse --show-toplevel [1ms]
2025-07-26 22:51:43.937 [info] fatal: not a git repository (or any of the parent directories): .git
2025-07-26 22:51:46.002 [info] > git log --format=%H%n%aN%n%aE%n%at%n%ct%n%P%n%D%n%B -z --shortstat --diff-merges=first-parent -n50 --skip=0 --topo-order --decorate=full --stdin [7ms]
2025-07-26 22:51:46.032 [info] > git rev-parse --show-toplevel [1ms]
2025-07-26 22:51:46.032 [info] fatal: not a git repository (or any of the parent directories): .git
2025-07-26 22:51:46.549 [info] > git check-ignore -v -z --stdin [1ms]
2025-07-26 22:51:51.036 [info] > git log --format=%H%n%aN%n%aE%n%at%n%ct%n%P%n%D%n%B -z --shortstat --diff-merges=first-parent -n50 --skip=0 --topo-order --decorate=full --stdin [2ms]
2025-07-26 22:51:59.702 [info] > git rev-parse --show-toplevel [1ms]
2025-07-26 22:51:59.702 [info] fatal: not a git repository (or any of the parent directories): .git
2025-07-26 22:52:11.430 [info] > git rev-parse --show-toplevel [1ms]
2025-07-26 22:52:11.430 [info] fatal: not a git repository (or any of the parent directories): .git
2025-07-26 22:52:12.098 [info] > git rev-parse --show-toplevel [0ms]
2025-07-26 22:52:12.099 [info] fatal: not a git repository (or any of the parent directories): .git
2025-07-26 22:52:12.511 [info] > git rev-parse --show-toplevel [0ms]
2025-07-26 22:52:12.512 [info] fatal: not a git repository (or any of the parent directories): .git
2025-07-26 22:52:13.050 [info] > git rev-parse --show-toplevel [2ms]
2025-07-26 22:52:13.050 [info] fatal: not a git repository (or any of the parent directories): .git
