2025-07-05 11:44:39.360 [info] [main] Log level: Info
2025-07-05 11:44:39.360 [info] [main] Validating found git in: "git"
2025-07-05 11:44:39.360 [info] [main] Using git "2.50.0" from "git"
2025-07-05 11:44:39.360 [info] [Model][doInitialScan] Initial repository scan started
2025-07-05 11:44:39.360 [info] > git rev-parse --show-toplevel [1ms]
2025-07-05 11:44:39.360 [info] fatal: not a git repository (or any of the parent directories): .git
2025-07-05 11:44:39.360 [info] > git rev-parse --show-toplevel [3ms]
2025-07-05 11:44:39.360 [info] fatal: not a git repository (or any of the parent directories): .git
2025-07-05 11:44:39.451 [info] > git rev-parse --show-toplevel [80ms]
2025-07-05 11:44:39.451 [info] fatal: not a git repository (or any of the parent directories): .git
2025-07-05 11:44:39.470 [info] > git rev-parse --show-toplevel [4ms]
2025-07-05 11:44:39.470 [info] fatal: not a git repository (or any of the parent directories): .git
2025-07-05 11:44:39.485 [info] > git rev-parse --show-toplevel [12ms]
2025-07-05 11:44:39.485 [info] fatal: not a git repository (or any of the parent directories): .git
2025-07-05 11:44:39.488 [info] > git rev-parse --show-toplevel [1ms]
2025-07-05 11:44:39.488 [info] fatal: not a git repository (or any of the parent directories): .git
2025-07-05 11:44:39.491 [info] > git rev-parse --show-toplevel [0ms]
2025-07-05 11:44:39.491 [info] fatal: not a git repository (or any of the parent directories): .git
2025-07-05 11:44:39.494 [info] > git rev-parse --show-toplevel [1ms]
2025-07-05 11:44:39.494 [info] fatal: not a git repository (or any of the parent directories): .git
2025-07-05 11:44:39.497 [info] > git rev-parse --show-toplevel [0ms]
2025-07-05 11:44:39.497 [info] fatal: not a git repository (or any of the parent directories): .git
2025-07-05 11:44:39.501 [info] > git rev-parse --show-toplevel [1ms]
2025-07-05 11:44:39.501 [info] fatal: not a git repository (or any of the parent directories): .git
2025-07-05 11:44:39.504 [info] > git rev-parse --show-toplevel [0ms]
2025-07-05 11:44:39.505 [info] fatal: not a git repository (or any of the parent directories): .git
2025-07-05 11:44:39.508 [info] > git rev-parse --show-toplevel [1ms]
2025-07-05 11:44:39.508 [info] fatal: not a git repository (or any of the parent directories): .git
2025-07-05 11:44:39.511 [info] > git rev-parse --show-toplevel [0ms]
2025-07-05 11:44:39.511 [info] fatal: not a git repository (or any of the parent directories): .git
2025-07-05 11:44:39.514 [info] > git rev-parse --show-toplevel [1ms]
2025-07-05 11:44:39.514 [info] fatal: not a git repository (or any of the parent directories): .git
2025-07-05 11:44:39.517 [info] > git rev-parse --show-toplevel [0ms]
2025-07-05 11:44:39.517 [info] fatal: not a git repository (or any of the parent directories): .git
2025-07-05 11:44:39.520 [info] > git rev-parse --show-toplevel [0ms]
2025-07-05 11:44:39.520 [info] fatal: not a git repository (or any of the parent directories): .git
2025-07-05 11:44:39.523 [info] > git rev-parse --show-toplevel [0ms]
2025-07-05 11:44:39.523 [info] fatal: not a git repository (or any of the parent directories): .git
2025-07-05 11:44:39.527 [info] > git rev-parse --show-toplevel [0ms]
2025-07-05 11:44:39.527 [info] fatal: not a git repository (or any of the parent directories): .git
2025-07-05 11:44:39.531 [info] > git rev-parse --show-toplevel [1ms]
2025-07-05 11:44:39.531 [info] fatal: not a git repository (or any of the parent directories): .git
2025-07-05 11:44:39.534 [info] > git rev-parse --show-toplevel [1ms]
2025-07-05 11:44:39.534 [info] fatal: not a git repository (or any of the parent directories): .git
2025-07-05 11:44:39.537 [info] > git rev-parse --show-toplevel [1ms]
2025-07-05 11:44:39.537 [info] fatal: not a git repository (or any of the parent directories): .git
2025-07-05 11:44:39.540 [info] > git rev-parse --show-toplevel [0ms]
2025-07-05 11:44:39.540 [info] fatal: not a git repository (or any of the parent directories): .git
2025-07-05 11:44:39.543 [info] > git rev-parse --show-toplevel [1ms]
2025-07-05 11:44:39.543 [info] fatal: not a git repository (or any of the parent directories): .git
2025-07-05 11:44:39.546 [info] > git rev-parse --show-toplevel [0ms]
2025-07-05 11:44:39.546 [info] fatal: not a git repository (or any of the parent directories): .git
2025-07-05 11:44:39.549 [info] > git rev-parse --show-toplevel [0ms]
2025-07-05 11:44:39.549 [info] fatal: not a git repository (or any of the parent directories): .git
2025-07-05 11:44:39.552 [info] > git rev-parse --show-toplevel [0ms]
2025-07-05 11:44:39.552 [info] fatal: not a git repository (or any of the parent directories): .git
2025-07-05 11:44:39.556 [info] > git rev-parse --show-toplevel [1ms]
2025-07-05 11:44:39.556 [info] fatal: not a git repository (or any of the parent directories): .git
2025-07-05 11:44:39.559 [info] > git rev-parse --show-toplevel [0ms]
2025-07-05 11:44:39.559 [info] fatal: not a git repository (or any of the parent directories): .git
2025-07-05 11:44:39.562 [info] > git rev-parse --show-toplevel [0ms]
2025-07-05 11:44:39.562 [info] fatal: not a git repository (or any of the parent directories): .git
2025-07-05 11:44:39.565 [info] > git rev-parse --show-toplevel [0ms]
2025-07-05 11:44:39.565 [info] fatal: not a git repository (or any of the parent directories): .git
2025-07-05 11:44:39.572 [info] > git rev-parse --show-toplevel [4ms]
2025-07-05 11:44:39.572 [info] fatal: not a git repository (or any of the parent directories): .git
2025-07-05 11:44:39.577 [info] > git rev-parse --show-toplevel [2ms]
2025-07-05 11:44:39.577 [info] fatal: not a git repository (or any of the parent directories): .git
2025-07-05 11:44:39.580 [info] > git rev-parse --show-toplevel [0ms]
2025-07-05 11:44:39.584 [info] > git rev-parse --git-dir --git-common-dir [0ms]
2025-07-05 11:44:39.590 [info] [Model][openRepository] Opened repository (path): /home/levi/.config/nvim
2025-07-05 11:44:39.590 [info] [Model][openRepository] Opened repository (real path): /home/levi/.config/nvim
2025-07-05 11:44:39.597 [info] > git rev-parse --show-toplevel [1ms]
2025-07-05 11:44:39.597 [info] fatal: not a git repository (or any of the parent directories): .git
2025-07-05 11:44:39.598 [info] > git config --get commit.template [3ms]
2025-07-05 11:44:39.606 [info] > git rev-parse --show-toplevel [5ms]
2025-07-05 11:44:39.606 [info] fatal: not a git repository (or any of the parent directories): .git
2025-07-05 11:44:39.606 [info] > git for-each-ref --format=%(refname)%00%(upstream:short)%00%(objectname)%00%(upstream:track)%00%(upstream:remotename)%00%(upstream:remoteref) refs/heads/main refs/remotes/main [1ms]
2025-07-05 11:44:39.612 [warning] [Git][revParse] Unable to read file: ENOENT: no such file or directory, open '/home/levi/.config/nvim/.git/refs/remotes/origin/main'
2025-07-05 11:44:39.612 [info] > git rev-parse --show-toplevel [3ms]
2025-07-05 11:44:39.612 [info] fatal: not a git repository (or any of the parent directories): .git
2025-07-05 11:44:39.616 [info] > git rev-parse refs/remotes/origin/main [4ms]
2025-07-05 11:44:39.623 [info] > git status -z -uall [4ms]
2025-07-05 11:44:39.623 [info] > git rev-parse --show-toplevel [8ms]
2025-07-05 11:44:39.623 [info] fatal: not a git repository (or any of the parent directories): .git
2025-07-05 11:44:39.626 [info] > git for-each-ref --sort -committerdate --format %(refname)%00%(objectname)%00%(*objectname) [3ms]
2025-07-05 11:44:39.641 [info] > git for-each-ref --format=%(refname)%00%(upstream:short)%00%(objectname)%00%(upstream:track)%00%(upstream:remotename)%00%(upstream:remoteref) refs/heads/main refs/remotes/main [4ms]
2025-07-05 11:44:39.645 [info] > git rev-parse --show-toplevel [18ms]
2025-07-05 11:44:39.645 [info] fatal: not a git repository (or any of the parent directories): .git
2025-07-05 11:44:39.648 [info] > git config --get --local branch.main.vscode-merge-base [4ms]
2025-07-05 11:44:39.651 [info] > git config --get commit.template [10ms]
2025-07-05 11:44:39.652 [info] > git rev-parse --show-toplevel [4ms]
2025-07-05 11:44:39.652 [info] fatal: not a git repository (or any of the parent directories): .git
2025-07-05 11:44:39.658 [info] > git for-each-ref --format=%(refname)%00%(upstream:short)%00%(objectname)%00%(upstream:track)%00%(upstream:remotename)%00%(upstream:remoteref) refs/heads/origin/main refs/remotes/origin/main [7ms]
2025-07-05 11:44:39.672 [info] > git merge-base refs/heads/main refs/remotes/origin/main [11ms]
2025-07-05 11:44:39.675 [info] > git rev-parse --show-toplevel [18ms]
2025-07-05 11:44:39.675 [info] fatal: not a git repository (or any of the parent directories): .git
2025-07-05 11:44:39.675 [info] > git for-each-ref --format=%(refname)%00%(upstream:short)%00%(objectname)%00%(upstream:track)%00%(upstream:remotename)%00%(upstream:remoteref) refs/heads/main refs/remotes/main [20ms]
2025-07-05 11:44:39.682 [warning] [Git][revParse] Unable to read file: ENOENT: no such file or directory, open '/home/levi/.config/nvim/.git/refs/remotes/origin/main'
2025-07-05 11:44:39.682 [info] > git diff --name-status -z --diff-filter=ADMR 5c656910f058ecdc6753c6a4f39b64afce89a0e6...refs/remotes/origin/main [7ms]
2025-07-05 11:44:39.683 [info] > git rev-parse refs/remotes/origin/main [1ms]
2025-07-05 11:44:39.688 [info] > git rev-parse --show-toplevel [9ms]
2025-07-05 11:44:39.688 [info] fatal: not a git repository (or any of the parent directories): .git
2025-07-05 11:44:39.693 [info] > git status -z -uall [7ms]
2025-07-05 11:44:39.693 [info] > git for-each-ref --sort -committerdate --format %(refname)%00%(objectname)%00%(*objectname) [5ms]
2025-07-05 11:44:39.695 [info] > git rev-parse --show-toplevel [2ms]
2025-07-05 11:44:39.695 [info] fatal: not a git repository (or any of the parent directories): .git
2025-07-05 11:44:39.699 [info] > git rev-parse --show-toplevel [1ms]
2025-07-05 11:44:39.699 [info] fatal: not a git repository (or any of the parent directories): .git
2025-07-05 11:44:39.703 [info] > git rev-parse --show-toplevel [1ms]
2025-07-05 11:44:39.703 [info] fatal: not a git repository (or any of the parent directories): .git
2025-07-05 11:44:39.706 [info] > git rev-parse --show-toplevel [0ms]
2025-07-05 11:44:39.706 [info] fatal: not a git repository (or any of the parent directories): .git
2025-07-05 11:44:39.709 [info] > git rev-parse --show-toplevel [0ms]
2025-07-05 11:44:39.709 [info] fatal: not a git repository (or any of the parent directories): .git
2025-07-05 11:44:39.713 [info] > git rev-parse --show-toplevel [1ms]
2025-07-05 11:44:39.713 [info] fatal: not a git repository (or any of the parent directories): .git
2025-07-05 11:44:39.716 [info] > git rev-parse --show-toplevel [1ms]
2025-07-05 11:44:39.716 [info] fatal: not a git repository (or any of the parent directories): .git
2025-07-05 11:44:39.719 [info] > git rev-parse --show-toplevel [1ms]
2025-07-05 11:44:39.719 [info] fatal: not a git repository (or any of the parent directories): .git
2025-07-05 11:44:39.722 [info] > git rev-parse --show-toplevel [0ms]
2025-07-05 11:44:39.722 [info] fatal: not a git repository (or any of the parent directories): .git
2025-07-05 11:44:39.726 [info] > git rev-parse --show-toplevel [1ms]
2025-07-05 11:44:39.726 [info] fatal: not a git repository (or any of the parent directories): .git
2025-07-05 11:44:39.729 [info] > git rev-parse --show-toplevel [1ms]
2025-07-05 11:44:39.729 [info] fatal: not a git repository (or any of the parent directories): .git
2025-07-05 11:44:39.732 [info] > git rev-parse --show-toplevel [0ms]
2025-07-05 11:44:39.732 [info] fatal: not a git repository (or any of the parent directories): .git
2025-07-05 11:44:39.735 [info] > git rev-parse --show-toplevel [0ms]
2025-07-05 11:44:39.735 [info] fatal: not a git repository (or any of the parent directories): .git
2025-07-05 11:44:39.736 [info] [Model][doInitialScan] Initial repository scan completed - repositories (1), closed repositories (0), parent repositories (0), unsafe repositories (0)
2025-07-05 11:44:39.739 [info] > git rev-parse --show-toplevel [0ms]
2025-07-05 11:44:39.739 [info] fatal: not a git repository (or any of the parent directories): .git
2025-07-05 11:44:40.103 [info] > git check-ignore -v -z --stdin [0ms]
2025-07-05 11:44:41.391 [info] > git rev-parse --show-toplevel [1ms]
2025-07-05 11:44:41.391 [info] fatal: not a git repository (or any of the parent directories): .git
2025-07-05 11:44:42.251 [info] > git rev-parse --show-toplevel [1ms]
2025-07-05 11:44:42.251 [info] fatal: not a git repository (or any of the parent directories): .git
2025-07-05 11:44:42.558 [info] > git rev-parse --show-toplevel [1ms]
2025-07-05 11:44:42.558 [info] fatal: not a git repository (or any of the parent directories): .git
