2025-06-21 12:09:16.087 [info] [main] Log level: Info
2025-06-21 12:09:16.087 [info] [main] Validating found git in: "git"
2025-06-21 12:09:16.087 [info] [main] Using git "2.50.0" from "git"
2025-06-21 12:09:16.087 [info] [Model][doInitialScan] Initial repository scan started
2025-06-21 12:09:16.087 [info] > git rev-parse --show-toplevel [3ms]
2025-06-21 12:09:16.087 [info] fatal: not a git repository (or any of the parent directories): .git
2025-06-21 12:09:16.087 [info] > git rev-parse --show-toplevel [2ms]
2025-06-21 12:09:16.087 [info] fatal: not a git repository (or any of the parent directories): .git
2025-06-21 12:09:16.087 [info] > git rev-parse --show-toplevel [5ms]
2025-06-21 12:09:16.087 [info] fatal: not a git repository (or any of the parent directories): .git
2025-06-21 12:09:16.097 [info] > git rev-parse --show-toplevel [7ms]
2025-06-21 12:09:16.097 [info] fatal: not a git repository (or any of the parent directories): .git
2025-06-21 12:09:16.118 [info] > git rev-parse --show-toplevel [1ms]
2025-06-21 12:09:16.118 [info] fatal: not a git repository (or any of the parent directories): .git
2025-06-21 12:09:16.122 [info] > git rev-parse --show-toplevel [1ms]
2025-06-21 12:09:16.122 [info] fatal: not a git repository (or any of the parent directories): .git
2025-06-21 12:09:16.125 [info] > git rev-parse --show-toplevel [0ms]
2025-06-21 12:09:16.125 [info] fatal: not a git repository (or any of the parent directories): .git
2025-06-21 12:09:16.129 [info] > git rev-parse --show-toplevel [1ms]
2025-06-21 12:09:16.129 [info] fatal: not a git repository (or any of the parent directories): .git
2025-06-21 12:09:16.132 [info] > git rev-parse --show-toplevel [0ms]
2025-06-21 12:09:16.132 [info] fatal: not a git repository (or any of the parent directories): .git
2025-06-21 12:09:16.136 [info] > git rev-parse --show-toplevel [1ms]
2025-06-21 12:09:16.136 [info] fatal: not a git repository (or any of the parent directories): .git
2025-06-21 12:09:16.139 [info] > git rev-parse --show-toplevel [1ms]
2025-06-21 12:09:16.139 [info] fatal: not a git repository (or any of the parent directories): .git
2025-06-21 12:09:16.142 [info] > git rev-parse --show-toplevel [0ms]
2025-06-21 12:09:16.142 [info] fatal: not a git repository (or any of the parent directories): .git
2025-06-21 12:09:16.146 [info] > git rev-parse --show-toplevel [1ms]
2025-06-21 12:09:16.146 [info] fatal: not a git repository (or any of the parent directories): .git
2025-06-21 12:09:16.150 [info] > git rev-parse --show-toplevel [0ms]
2025-06-21 12:09:16.150 [info] fatal: not a git repository (or any of the parent directories): .git
2025-06-21 12:09:16.153 [info] > git rev-parse --show-toplevel [0ms]
2025-06-21 12:09:16.153 [info] fatal: not a git repository (or any of the parent directories): .git
2025-06-21 12:09:16.157 [info] > git rev-parse --show-toplevel [0ms]
2025-06-21 12:09:16.157 [info] fatal: not a git repository (or any of the parent directories): .git
2025-06-21 12:09:16.161 [info] > git rev-parse --show-toplevel [1ms]
2025-06-21 12:09:16.161 [info] fatal: not a git repository (or any of the parent directories): .git
2025-06-21 12:09:16.165 [info] > git rev-parse --show-toplevel [1ms]
2025-06-21 12:09:16.165 [info] fatal: not a git repository (or any of the parent directories): .git
2025-06-21 12:09:16.168 [info] > git rev-parse --show-toplevel [1ms]
2025-06-21 12:09:16.168 [info] fatal: not a git repository (or any of the parent directories): .git
2025-06-21 12:09:16.171 [info] > git rev-parse --show-toplevel [1ms]
2025-06-21 12:09:16.171 [info] fatal: not a git repository (or any of the parent directories): .git
2025-06-21 12:09:16.174 [info] > git rev-parse --show-toplevel [1ms]
2025-06-21 12:09:16.174 [info] fatal: not a git repository (or any of the parent directories): .git
2025-06-21 12:09:16.177 [info] > git rev-parse --show-toplevel [1ms]
2025-06-21 12:09:16.177 [info] fatal: not a git repository (or any of the parent directories): .git
2025-06-21 12:09:16.180 [info] > git rev-parse --show-toplevel [0ms]
2025-06-21 12:09:16.180 [info] fatal: not a git repository (or any of the parent directories): .git
2025-06-21 12:09:16.184 [info] > git rev-parse --show-toplevel [1ms]
2025-06-21 12:09:16.184 [info] fatal: not a git repository (or any of the parent directories): .git
2025-06-21 12:09:16.187 [info] > git rev-parse --show-toplevel [1ms]
2025-06-21 12:09:16.187 [info] fatal: not a git repository (or any of the parent directories): .git
2025-06-21 12:09:16.190 [info] > git rev-parse --show-toplevel [0ms]
2025-06-21 12:09:16.190 [info] fatal: not a git repository (or any of the parent directories): .git
2025-06-21 12:09:16.194 [info] > git rev-parse --show-toplevel [1ms]
2025-06-21 12:09:16.194 [info] fatal: not a git repository (or any of the parent directories): .git
2025-06-21 12:09:16.197 [info] > git rev-parse --show-toplevel [1ms]
2025-06-21 12:09:16.197 [info] fatal: not a git repository (or any of the parent directories): .git
2025-06-21 12:09:16.200 [info] > git rev-parse --show-toplevel [0ms]
2025-06-21 12:09:16.200 [info] fatal: not a git repository (or any of the parent directories): .git
2025-06-21 12:09:16.208 [info] > git rev-parse --show-toplevel [5ms]
2025-06-21 12:09:16.208 [info] fatal: not a git repository (or any of the parent directories): .git
2025-06-21 12:09:16.213 [info] > git rev-parse --show-toplevel [2ms]
2025-06-21 12:09:16.213 [info] fatal: not a git repository (or any of the parent directories): .git
2025-06-21 12:09:16.216 [info] > git rev-parse --show-toplevel [1ms]
2025-06-21 12:09:16.216 [info] fatal: not a git repository (or any of the parent directories): .git
2025-06-21 12:09:16.219 [info] > git rev-parse --show-toplevel [1ms]
2025-06-21 12:09:16.219 [info] fatal: not a git repository (or any of the parent directories): .git
2025-06-21 12:09:16.222 [info] > git rev-parse --show-toplevel [0ms]
2025-06-21 12:09:16.222 [info] fatal: not a git repository (or any of the parent directories): .git
2025-06-21 12:09:16.226 [info] > git rev-parse --show-toplevel [1ms]
2025-06-21 12:09:16.226 [info] fatal: not a git repository (or any of the parent directories): .git
2025-06-21 12:09:16.229 [info] > git rev-parse --show-toplevel [0ms]
2025-06-21 12:09:16.229 [info] fatal: not a git repository (or any of the parent directories): .git
2025-06-21 12:09:16.233 [info] > git rev-parse --show-toplevel [1ms]
2025-06-21 12:09:16.233 [info] fatal: not a git repository (or any of the parent directories): .git
2025-06-21 12:09:16.237 [info] > git rev-parse --show-toplevel [1ms]
2025-06-21 12:09:16.237 [info] fatal: not a git repository (or any of the parent directories): .git
2025-06-21 12:09:16.237 [info] [Model][doInitialScan] Initial repository scan completed - repositories (0), closed repositories (0), parent repositories (0), unsafe repositories (0)
2025-06-21 12:09:18.006 [info] > git rev-parse --show-toplevel [1ms]
2025-06-21 12:09:18.006 [info] fatal: not a git repository (or any of the parent directories): .git
