2025-07-30 17:24:08.164 [info] Extension host with pid 165329 started
2025-07-30 17:24:08.164 [info] Skipping acquiring lock for /home/levi/.config/VSCodium/User/workspaceStorage/31cc278c3f59fe10ad576b257e914f4d.
2025-07-30 17:24:08.342 [info] ExtensionService#_doActivateExtension vscode.emmet, startup: false, activationEvent: 'onLanguage'
2025-07-30 17:24:08.412 [info] ExtensionService#_doActivateExtension vscode.git-base, startup: true, activationEvent: '*', root cause: vscode.git
2025-07-30 17:24:08.430 [info] ExtensionService#_doActivateExtension vscode.git, startup: true, activationEvent: '*'
2025-07-30 17:24:08.461 [info] ExtensionService#_doActivateExtension vscode.github, startup: true, activationEvent: '*'
2025-07-30 17:24:08.534 [info] Eager extensions activated
2025-07-30 17:24:08.539 [info] ExtensionService#_doActivateExtension vscode.debug-auto-launch, startup: false, activationEvent: 'onStartupFinished'
2025-07-30 17:24:08.541 [info] ExtensionService#_doActivateExtension vscode.merge-conflict, startup: false, activationEvent: 'onStartupFinished'
2025-07-30 17:24:08.553 [info] ExtensionService#_doActivateExtension vadimcn.vscode-lldb, startup: false, activationEvent: 'onStartupFinished', root cause: franneck94.vscode-c-cpp-config
2025-07-30 17:24:08.571 [info] ExtensionService#_doActivateExtension franneck94.vscode-c-cpp-config, startup: false, activationEvent: 'onStartupFinished'
2025-07-30 17:24:40.599 [info] Extension host terminating: renderer closed the MessagePort
2025-07-30 17:24:40.602 [info] Extension host with pid 165329 exiting with code 0
2025-07-30 17:24:42.263 [info] Extension host with pid 165572 started
2025-07-30 17:24:42.308 [info] Skipping acquiring lock for /home/levi/.config/VSCodium/User/workspaceStorage/effc34459e1d77fab1dbc34695783f61.
2025-07-30 17:24:42.326 [info] ExtensionService#_doActivateExtension vscode.git-base, startup: true, activationEvent: '*'
2025-07-30 17:24:42.343 [info] ExtensionService#_doActivateExtension vscode.github, startup: true, activationEvent: '*'
2025-07-30 17:24:42.375 [info] Eager extensions activated
2025-07-30 17:24:42.376 [info] ExtensionService#_doActivateExtension vscode.debug-auto-launch, startup: false, activationEvent: 'onStartupFinished'
2025-07-30 17:24:42.377 [info] ExtensionService#_doActivateExtension vscode.merge-conflict, startup: false, activationEvent: 'onStartupFinished'
2025-07-30 17:24:42.495 [info] ExtensionService#_doActivateExtension vscode.git, startup: false, activationEvent: 'api', root cause: vscode.github
2025-07-30 17:24:42.532 [info] ExtensionService#_doActivateExtension vadimcn.vscode-lldb, startup: false, activationEvent: 'onStartupFinished', root cause: franneck94.vscode-c-cpp-config
2025-07-30 17:24:42.561 [info] ExtensionService#_doActivateExtension franneck94.vscode-c-cpp-config, startup: false, activationEvent: 'onStartupFinished'
2025-07-30 17:24:47.858 [info] ExtensionService#_doActivateExtension vscode.emmet, startup: false, activationEvent: 'onLanguage'
2025-07-30 17:28:02.177 [info] Extension host terminating: renderer closed the MessagePort
2025-07-30 17:28:02.180 [info] Extension host with pid 165572 exiting with code 0
