2025-06-22 00:14:13.544 [info] [main] Log level: Info
2025-06-22 00:14:13.544 [info] [main] Validating found git in: "git"
2025-06-22 00:14:13.544 [info] [main] Using git "2.50.0" from "git"
2025-06-22 00:14:13.544 [info] [Model][doInitialScan] Initial repository scan started
2025-06-22 00:14:13.544 [info] > git rev-parse --show-toplevel [4ms]
2025-06-22 00:14:13.544 [info] fatal: not a git repository (or any of the parent directories): .git
2025-06-22 00:14:13.544 [info] > git rev-parse --show-toplevel [1ms]
2025-06-22 00:14:13.544 [info] fatal: not a git repository (or any of the parent directories): .git
2025-06-22 00:14:13.544 [info] > git rev-parse --show-toplevel [2ms]
2025-06-22 00:14:13.544 [info] fatal: not a git repository (or any of the parent directories): .git
2025-06-22 00:14:13.544 [info] > git rev-parse --show-toplevel [0ms]
2025-06-22 00:14:13.544 [info] fatal: not a git repository (or any of the parent directories): .git
2025-06-22 00:14:13.544 [info] > git rev-parse --show-toplevel [1ms]
2025-06-22 00:14:13.544 [info] fatal: not a git repository (or any of the parent directories): .git
2025-06-22 00:14:13.544 [info] > git rev-parse --show-toplevel [1ms]
2025-06-22 00:14:13.544 [info] fatal: not a git repository (or any of the parent directories): .git
2025-06-22 00:14:13.551 [info] > git rev-parse --show-toplevel [4ms]
2025-06-22 00:14:13.551 [info] fatal: not a git repository (or any of the parent directories): .git
2025-06-22 00:14:13.574 [info] > git rev-parse --show-toplevel [15ms]
2025-06-22 00:14:13.574 [info] fatal: not a git repository (or any of the parent directories): .git
2025-06-22 00:14:13.581 [info] > git rev-parse --show-toplevel [1ms]
2025-06-22 00:14:13.581 [info] fatal: not a git repository (or any of the parent directories): .git
2025-06-22 00:14:13.587 [info] > git rev-parse --show-toplevel [1ms]
2025-06-22 00:14:13.587 [info] fatal: not a git repository (or any of the parent directories): .git
2025-06-22 00:14:13.593 [info] > git rev-parse --show-toplevel [1ms]
2025-06-22 00:14:13.593 [info] fatal: not a git repository (or any of the parent directories): .git
2025-06-22 00:14:13.598 [info] > git rev-parse --show-toplevel [1ms]
2025-06-22 00:14:13.598 [info] fatal: not a git repository (or any of the parent directories): .git
2025-06-22 00:14:13.602 [info] > git rev-parse --show-toplevel [0ms]
2025-06-22 00:14:13.602 [info] fatal: not a git repository (or any of the parent directories): .git
2025-06-22 00:14:13.605 [info] > git rev-parse --show-toplevel [1ms]
2025-06-22 00:14:13.605 [info] fatal: not a git repository (or any of the parent directories): .git
2025-06-22 00:14:13.608 [info] > git rev-parse --show-toplevel [0ms]
2025-06-22 00:14:13.608 [info] fatal: not a git repository (or any of the parent directories): .git
2025-06-22 00:14:13.615 [info] > git rev-parse --show-toplevel [3ms]
2025-06-22 00:14:13.615 [info] fatal: not a git repository (or any of the parent directories): .git
2025-06-22 00:14:13.619 [info] > git rev-parse --show-toplevel [1ms]
2025-06-22 00:14:13.619 [info] fatal: not a git repository (or any of the parent directories): .git
2025-06-22 00:14:13.624 [info] > git rev-parse --show-toplevel [1ms]
2025-06-22 00:14:13.624 [info] fatal: not a git repository (or any of the parent directories): .git
2025-06-22 00:14:13.629 [info] > git rev-parse --show-toplevel [1ms]
2025-06-22 00:14:13.629 [info] fatal: not a git repository (or any of the parent directories): .git
2025-06-22 00:14:13.634 [info] > git rev-parse --show-toplevel [0ms]
2025-06-22 00:14:13.634 [info] fatal: not a git repository (or any of the parent directories): .git
2025-06-22 00:14:13.639 [info] > git rev-parse --show-toplevel [0ms]
2025-06-22 00:14:13.639 [info] fatal: not a git repository (or any of the parent directories): .git
2025-06-22 00:14:13.643 [info] > git rev-parse --show-toplevel [1ms]
2025-06-22 00:14:13.643 [info] fatal: not a git repository (or any of the parent directories): .git
2025-06-22 00:14:13.647 [info] > git rev-parse --show-toplevel [0ms]
2025-06-22 00:14:13.647 [info] fatal: not a git repository (or any of the parent directories): .git
2025-06-22 00:14:13.651 [info] > git rev-parse --show-toplevel [1ms]
2025-06-22 00:14:13.651 [info] fatal: not a git repository (or any of the parent directories): .git
2025-06-22 00:14:13.654 [info] > git rev-parse --show-toplevel [1ms]
2025-06-22 00:14:13.654 [info] fatal: not a git repository (or any of the parent directories): .git
2025-06-22 00:14:13.659 [info] > git rev-parse --show-toplevel [1ms]
2025-06-22 00:14:13.659 [info] fatal: not a git repository (or any of the parent directories): .git
2025-06-22 00:14:13.663 [info] > git rev-parse --show-toplevel [1ms]
2025-06-22 00:14:13.663 [info] fatal: not a git repository (or any of the parent directories): .git
2025-06-22 00:14:13.669 [info] > git rev-parse --show-toplevel [1ms]
2025-06-22 00:14:13.669 [info] fatal: not a git repository (or any of the parent directories): .git
2025-06-22 00:14:13.672 [info] > git rev-parse --show-toplevel [0ms]
2025-06-22 00:14:13.672 [info] fatal: not a git repository (or any of the parent directories): .git
2025-06-22 00:14:13.676 [info] > git rev-parse --show-toplevel [1ms]
2025-06-22 00:14:13.676 [info] fatal: not a git repository (or any of the parent directories): .git
2025-06-22 00:14:13.681 [info] > git rev-parse --show-toplevel [1ms]
2025-06-22 00:14:13.681 [info] fatal: not a git repository (or any of the parent directories): .git
2025-06-22 00:14:13.684 [info] > git rev-parse --show-toplevel [0ms]
2025-06-22 00:14:13.684 [info] fatal: not a git repository (or any of the parent directories): .git
2025-06-22 00:14:13.688 [info] > git rev-parse --show-toplevel [1ms]
2025-06-22 00:14:13.688 [info] fatal: not a git repository (or any of the parent directories): .git
2025-06-22 00:14:13.693 [info] > git rev-parse --show-toplevel [1ms]
2025-06-22 00:14:13.693 [info] fatal: not a git repository (or any of the parent directories): .git
2025-06-22 00:14:13.699 [info] > git rev-parse --show-toplevel [1ms]
2025-06-22 00:14:13.699 [info] fatal: not a git repository (or any of the parent directories): .git
2025-06-22 00:14:13.702 [info] > git rev-parse --show-toplevel [0ms]
2025-06-22 00:14:13.702 [info] fatal: not a git repository (or any of the parent directories): .git
2025-06-22 00:14:13.703 [info] [Model][doInitialScan] Initial repository scan completed - repositories (0), closed repositories (0), parent repositories (0), unsafe repositories (0)
2025-06-22 00:14:13.707 [info] > git rev-parse --show-toplevel [1ms]
2025-06-22 00:14:13.707 [info] fatal: not a git repository (or any of the parent directories): .git
2025-06-22 00:14:15.285 [info] > git rev-parse --show-toplevel [1ms]
2025-06-22 00:14:15.285 [info] fatal: not a git repository (or any of the parent directories): .git
2025-06-22 00:14:20.302 [info] > git rev-parse --show-toplevel [0ms]
2025-06-22 00:14:20.303 [info] fatal: not a git repository (or any of the parent directories): .git
