2025-07-26 23:32:05.883 [info] Extension host with pid 462030 started
2025-07-26 23:32:05.883 [info] Skipping acquiring lock for /home/levi/.config/VSCodium/User/workspaceStorage/d8ee9354456dce19928ba20253c86e11.
2025-07-26 23:32:06.013 [info] ExtensionService#_doActivateExtension vscode.emmet, startup: false, activationEvent: 'onLanguage'
2025-07-26 23:32:06.066 [info] ExtensionService#_doActivateExtension vscode.git-base, startup: true, activationEvent: '*', root cause: vscode.git
2025-07-26 23:32:06.077 [info] ExtensionService#_doActivateExtension vscode.git, startup: true, activationEvent: '*'
2025-07-26 23:32:06.104 [info] ExtensionService#_doActivateExtension vscode.github, startup: true, activationEvent: '*'
2025-07-26 23:32:06.146 [info] Eager extensions activated
2025-07-26 23:32:06.150 [info] ExtensionService#_doActivateExtension vscode.debug-auto-launch, startup: false, activationEvent: 'onStartupFinished'
2025-07-26 23:32:06.151 [info] ExtensionService#_doActivateExtension vscode.merge-conflict, startup: false, activationEvent: 'onStartupFinished'
2025-07-26 23:32:06.160 [info] ExtensionService#_doActivateExtension vadimcn.vscode-lldb, startup: false, activationEvent: 'onStartupFinished', root cause: franneck94.vscode-c-cpp-config
2025-07-26 23:32:06.177 [info] ExtensionService#_doActivateExtension franneck94.vscode-c-cpp-config, startup: false, activationEvent: 'onStartupFinished'
2025-07-26 23:32:06.373 [info] ExtensionService#_doActivateExtension vscode.github-authentication, startup: false, activationEvent: 'onAuthenticationRequest:github'
2025-07-26 23:32:19.080 [info] Extension host terminating: renderer closed the MessagePort
2025-07-26 23:32:19.083 [info] Extension host with pid 462030 exiting with code 0
2025-07-26 23:32:19.684 [info] Extension host with pid 462224 started
2025-07-26 23:32:19.684 [info] Skipping acquiring lock for /home/levi/.config/VSCodium/User/workspaceStorage/31cc278c3f59fe10ad576b257e914f4d.
2025-07-26 23:32:19.693 [info] ExtensionService#_doActivateExtension vscode.git-base, startup: true, activationEvent: '*'
2025-07-26 23:32:19.696 [info] ExtensionService#_doActivateExtension vscode.github, startup: true, activationEvent: '*'
2025-07-26 23:32:19.727 [info] Eager extensions activated
2025-07-26 23:32:19.727 [info] ExtensionService#_doActivateExtension vscode.debug-auto-launch, startup: false, activationEvent: 'onStartupFinished'
2025-07-26 23:32:19.729 [info] ExtensionService#_doActivateExtension vscode.merge-conflict, startup: false, activationEvent: 'onStartupFinished'
2025-07-26 23:32:21.565 [info] ExtensionService#_doActivateExtension vscode.git, startup: false, activationEvent: 'api', root cause: vscode.github
2025-07-26 23:32:21.604 [info] ExtensionService#_doActivateExtension vadimcn.vscode-lldb, startup: false, activationEvent: 'onStartupFinished', root cause: franneck94.vscode-c-cpp-config
2025-07-26 23:32:21.638 [info] ExtensionService#_doActivateExtension franneck94.vscode-c-cpp-config, startup: false, activationEvent: 'onStartupFinished'
2025-07-26 23:32:26.249 [info] ExtensionService#_doActivateExtension vscode.emmet, startup: false, activationEvent: 'onLanguage'
2025-07-26 23:33:21.686 [info] ExtensionService#_doActivateExtension vscode.extension-editing, startup: false, activationEvent: 'onLanguage:markdown'
2025-07-26 23:33:21.696 [info] ExtensionService#_doActivateExtension vscode.markdown-language-features, startup: false, activationEvent: 'onLanguage:markdown'
2025-07-26 23:33:21.917 [info] ExtensionService#_doActivateExtension vscode.markdown-math, startup: false, activationEvent: 'api', root cause: vscode.markdown-language-features
2025-07-26 23:44:36.760 [info] Extension host terminating: renderer closed the MessagePort
2025-07-26 23:44:36.763 [info] Extension host with pid 462224 exiting with code 0
