2025-07-28 14:57:01.837 [info] [main] Log level: Info
2025-07-28 14:57:01.837 [info] [main] Validating found git in: "git"
2025-07-28 14:57:01.837 [info] [main] Using git "2.50.1" from "git"
2025-07-28 14:57:01.837 [info] [Model][doInitialScan] Initial repository scan started
2025-07-28 14:57:01.837 [info] > git rev-parse --show-toplevel [3ms]
2025-07-28 14:57:01.837 [info] > git rev-parse --show-toplevel [2ms]
2025-07-28 14:57:01.837 [info] > git rev-parse --show-toplevel [2ms]
2025-07-28 14:57:01.837 [info] > git rev-parse --show-toplevel [0ms]
2025-07-28 14:57:01.837 [info] > git rev-parse --show-toplevel [0ms]
2025-07-28 14:57:01.837 [info] > git rev-parse --show-toplevel [1ms]
2025-07-28 14:57:01.837 [info] > git rev-parse --show-toplevel [1ms]
2025-07-28 14:57:01.837 [info] > git rev-parse --show-toplevel [1ms]
2025-07-28 14:57:01.837 [info] > git rev-parse --show-toplevel [7ms]
2025-07-28 14:57:01.844 [info] > git rev-parse --show-toplevel [1ms]
2025-07-28 14:57:01.872 [info] > git rev-parse --show-toplevel [23ms]
2025-07-28 14:57:01.881 [info] > git rev-parse --show-toplevel [1ms]
2025-07-28 14:57:01.886 [info] > git rev-parse --show-toplevel [2ms]
2025-07-28 14:57:01.893 [info] > git rev-parse --show-toplevel [1ms]
2025-07-28 14:57:01.896 [info] > git rev-parse --show-toplevel [0ms]
2025-07-28 14:57:01.900 [info] > git rev-parse --show-toplevel [1ms]
2025-07-28 14:57:01.903 [info] > git rev-parse --show-toplevel [0ms]
2025-07-28 14:57:01.906 [info] > git rev-parse --show-toplevel [0ms]
2025-07-28 14:57:01.909 [info] > git rev-parse --show-toplevel [0ms]
2025-07-28 14:57:01.912 [info] > git rev-parse --show-toplevel [0ms]
2025-07-28 14:57:01.916 [info] > git rev-parse --show-toplevel [1ms]
2025-07-28 14:57:01.919 [info] > git rev-parse --show-toplevel [1ms]
2025-07-28 14:57:01.922 [info] > git rev-parse --show-toplevel [1ms]
2025-07-28 14:57:01.925 [info] > git rev-parse --show-toplevel [0ms]
2025-07-28 14:57:01.928 [info] > git rev-parse --show-toplevel [0ms]
2025-07-28 14:57:01.932 [info] > git rev-parse --show-toplevel [0ms]
2025-07-28 14:57:01.936 [info] > git rev-parse --show-toplevel [1ms]
2025-07-28 14:57:01.937 [info] [Model][doInitialScan] Initial repository scan completed - repositories (0), closed repositories (0), parent repositories (1), unsafe repositories (0)
2025-07-28 14:57:01.941 [info] > git rev-parse --show-toplevel [1ms]
2025-07-28 14:57:04.013 [info] > git rev-parse --show-toplevel [1ms]
